<?xml version="1.0" encoding="UTF-8"?>
<!-- Generated by org.testng.reporters.JUnitReportReporter -->
<testsuite hostname="DESKTOP-QVVDLSQ" failures="0" tests="1" name="motorcycleModule.Executive_ProductPage" time="42.923" errors="0" timestamp="2024-08-13T11:35:54 IST" skipped="0">
  <testcase classname="motorcycleModule.Executive_ProductPage" name="TC_058_ProductPage_All_heading_Tabs" time="42.923"/>
  <system-out/>
</testsuite> <!-- motorcycleModule.Executive_ProductPage -->
