<?xml version="1.0" encoding="UTF-8"?>
<!-- Generated by org.testng.reporters.JUnitReportReporter -->
<testsuite hostname="DESKTOP-QVVDLSQ" failures="0" tests="1" name="motorcycleModule.Executive_ProductPage_SuperSplendorXtec" time="41.502" errors="0" timestamp="2024-08-13T15:48:37 IST" skipped="0">
  <testcase classname="motorcycleModule.Executive_ProductPage_SuperSplendorXtec" name="Executive_productPage_SSpXtec" time="41.502"/>
  <system-out/>
</testsuite> <!-- motorcycleModule.Executive_ProductPage_SuperSplendorXtec -->
