<?xml version="1.0" encoding="UTF-8"?>
<!-- Generated by org.testng.reporters.JUnitReportReporter -->
<testsuite hostname="DESKTOP-QVVDLSQ" failures="0" tests="1" name="homePage.ExploreOurProducts" time="45.985" errors="0" timestamp="2024-08-13T15:00:06 IST" skipped="0">
  <testcase classname="homePage.ExploreOurProducts" name="ExploreProducts_Practical" time="45.985"/>
  <system-out/>
</testsuite> <!-- homePage.ExploreOurProducts -->
