<?xml version="1.0" encoding="UTF-8"?>
<!-- Generated by org.testng.reporters.JUnitReportReporter -->
<testsuite hostname="DESKTOP-QVVDLSQ" failures="0" tests="4" name="motorcycleModule.Motorcycle_ExecutiveSection" time="53.978" errors="0" timestamp="2024-08-13T15:48:37 IST" skipped="0">
  <testcase classname="motorcycleModule.Motorcycle_ExecutiveSection" name="Executive_page" time="2.131"/>
  <system-out/>
  <testcase classname="motorcycleModule.Motorcycle_ExecutiveSection" name="TC_049_ExecutiveSection_ClickAllBikes" time="19.589"/>
  <system-out/>
  <testcase classname="motorcycleModule.Motorcycle_ExecutiveSection" name="TC_050_Executive_Banner_BikeImages" time="14.603"/>
  <system-out/>
  <testcase classname="motorcycleModule.Motorcycle_ExecutiveSection" name="TC_051_ExecutivePage_GlamourXTec" time="17.655"/>
  <system-out/>
</testsuite> <!-- motorcycleModule.Motorcycle_ExecutiveSection -->
